<?xml version="1.0" encoding="UTF-8"?>
<testng-results skipped="0" failed="0" ignored="0" total="1" passed="1">
  <reporter-output>
    <line>
      <![CDATA[Chrome launched]]>
    </line>
    <line>
      <![CDATA[Navigating to url]]>
    </line>
    <line>
      <![CDATA[Browser closed]]>
    </line>
    <line>
      <![CDATA[Runninng After Suite: ]]>
    </line>
  </reporter-output>
  <suite name="Suite" duration-ms="14617" started-at="2018-12-27T10:23:58Z" finished-at="2018-12-27T10:24:12Z">
    <groups>
      <group name="smoke">
        <method signature="Logintest.Streams6()[pri:113, instance:project.ses.scripts.Logintest@48a242ce]" name="Streams6" class="project.ses.scripts.Logintest"/>
      </group> <!-- smoke -->
    </groups>
    <test name="Test" duration-ms="14617" started-at="2018-12-27T10:23:58Z" finished-at="2018-12-27T10:24:12Z">
      <class name="project.ses.scripts.Logintest">
        <test-method status="PASS" signature="configBT()[pri:0, instance:project.ses.scripts.Logintest@48a242ce]" name="configBT" is-config="true" duration-ms="190" started-at="2018-12-27T10:23:58Z" finished-at="2018-12-27T10:23:58Z">
          <reporter-output>
          </reporter-output>
        </test-method> <!-- configBT -->
        <test-method status="PASS" signature="preCondition(java.lang.String)[pri:0, instance:project.ses.scripts.Logintest@48a242ce]" name="preCondition" is-config="true" duration-ms="5690" started-at="2018-12-27T10:23:58Z" finished-at="2018-12-27T10:24:04Z">
          <params>
            <param index="0">
              <value>
                <![CDATA[chrome]]>
              </value>
            </param>
          </params>
          <reporter-output>
            <line>
              <![CDATA[Chrome launched]]>
            </line>
            <line>
              <![CDATA[Navigating to url]]>
            </line>
          </reporter-output>
        </test-method> <!-- preCondition -->
        <test-method status="PASS" signature="Streams6()[pri:113, instance:project.ses.scripts.Logintest@48a242ce]" name="Streams6" duration-ms="7403" started-at="2018-12-27T10:24:04Z" finished-at="2018-12-27T10:24:11Z">
          <reporter-output>
          </reporter-output>
        </test-method> <!-- Streams6 -->
        <test-method status="PASS" signature="postCondition()[pri:0, instance:project.ses.scripts.Logintest@48a242ce]" name="postCondition" is-config="true" duration-ms="1317" started-at="2018-12-27T10:24:11Z" finished-at="2018-12-27T10:24:12Z">
          <reporter-output>
            <line>
              <![CDATA[Browser closed]]>
            </line>
          </reporter-output>
        </test-method> <!-- postCondition -->
        <test-method status="PASS" signature="configAfterSuite()[pri:0, instance:project.ses.scripts.Logintest@48a242ce]" name="configAfterSuite" is-config="true" duration-ms="109" started-at="2018-12-27T10:24:12Z" finished-at="2018-12-27T10:24:12Z">
          <reporter-output>
            <line>
              <![CDATA[Runninng After Suite: ]]>
            </line>
          </reporter-output>
        </test-method> <!-- configAfterSuite -->
      </class> <!-- project.ses.scripts.Logintest -->
    </test> <!-- Test -->
  </suite> <!-- Suite -->
</testng-results>
